Tue Feb 18 17:56:12 2014 [18560][-none-][FATAL] Configuration variable date.timezone is not set, guessed timezone Asia/Colombo. Please set date.timezone="Asia/Colombo" in php.ini!
Tue Feb 18 17:56:12 2014 [18560][-none-][FATAL] Could not connect to DB server localhost as root. port : No such file or directory
Tue Feb 18 17:57:22 2014 [18562][-none-][FATAL] Configuration variable date.timezone is not set, guessed timezone Asia/Colombo. Please set date.timezone="Asia/Colombo" in php.ini!
Tue Feb 18 17:57:22 2014 [18562][-none-][FATAL] Could not connect to DB server localhost as root. port : No such file or directory
Tue Feb 18 17:57:24 2014 [18562][-none-][FATAL] Configuration variable date.timezone is not set, guessed timezone Asia/Colombo. Please set date.timezone="Asia/Colombo" in php.ini!
Tue Feb 18 17:57:24 2014 [18562][-none-][FATAL] Could not connect to DB server localhost as root. port : No such file or directory
Tue Feb 18 17:57:25 2014 [18562][-none-][FATAL] Configuration variable date.timezone is not set, guessed timezone Asia/Colombo. Please set date.timezone="Asia/Colombo" in php.ini!
Tue Feb 18 17:57:25 2014 [18562][-none-][FATAL] Could not connect to DB server localhost as root. port : No such file or directory
Tue Feb 18 17:57:26 2014 [18562][-none-][FATAL] Configuration variable date.timezone is not set, guessed timezone Asia/Colombo. Please set date.timezone="Asia/Colombo" in php.ini!
Tue Feb 18 17:57:26 2014 [18562][-none-][FATAL] Could not connect to DB server localhost as root. port : No such file or directory
Tue Feb 18 17:58:50 2014 [18559][-none-][FATAL] Configuration variable date.timezone is not set, guessed timezone Asia/Colombo. Please set date.timezone="Asia/Colombo" in php.ini!
Tue Feb 18 17:58:50 2014 [18559][-none-][FATAL] Could not connect to DB server localhost as root. port : No such file or directory
Tue Feb 18 18:00:29 2014 [18583][-none-][FATAL] Configuration variable date.timezone is not set, guessed timezone Asia/Colombo. Please set date.timezone="Asia/Colombo" in php.ini!
Tue Feb 18 18:01:12 2014 [18559][-none-][FATAL] Configuration variable date.timezone is not set, guessed timezone Asia/Colombo. Please set date.timezone="Asia/Colombo" in php.ini!
Tue Feb 18 18:02:18 2014 [18576][-none-][DEBUG] current_language is: en_us
Tue Feb 18 18:02:18 2014 [18576][-none-][DEBUG] Found cache backend SugarCacheMemcached
Tue Feb 18 18:02:18 2014 [18576][-none-][DEBUG] Found cache backend SugarCacheAPC
Tue Feb 18 18:02:18 2014 [18576][-none-][DEBUG] Using cache backend SugarCacheAPC, since 940 is less than 1000
Tue Feb 18 18:02:18 2014 [18576][-none-][DEBUG] Found cache backend SugarCacheRedis
Tue Feb 18 18:02:18 2014 [18576][-none-][DEBUG] Found cache backend SugarCacheMemory
Tue Feb 18 18:02:18 2014 [18576][-none-][DEBUG] Found cache backend SugarCacheFile
Tue Feb 18 18:02:18 2014 [18576][-none-][DEBUG] Found cache backend SugarCacheWincache
Tue Feb 18 18:02:18 2014 [18576][-none-][DEBUG] Found cache backend SugarCacheMemcache
Tue Feb 18 18:02:18 2014 [18576][-none-][DEBUG] Found cache backend SugarCachesMash
Tue Feb 18 18:02:18 2014 [18576][-none-][DEBUG] Found cache backend SugarCacheZend
Tue Feb 18 18:02:18 2014 [18576][-none-][DEBUG] Using cache backend SugarCacheZend, since 910 is less than 940
Tue Feb 18 18:02:18 2014 [18576][-none-][DEBUG] Sprites: miss for custom/themes/comiteMDPortal/images/icon_email_addressbook.gif
Tue Feb 18 18:02:18 2014 [18576][-none-][DEBUG] Sprites: miss for custom/themes/comiteMDPortal/images/icon_email_folder.gif
Tue Feb 18 18:02:18 2014 [18576][-none-][DEBUG] Sprites: miss for custom/themes/comiteMDPortal/images/Search.gif
Tue Feb 18 18:02:18 2014 [18576][-none-][INFO] Found language file: en_us.lang.php
Tue Feb 18 18:02:18 2014 [18576][-none-][INFO] Found extended language file: en_us.lang.ext.php
Tue Feb 18 18:02:18 2014 [18576][-none-][INFO] Found custom language file: en_us.lang.php
Tue Feb 18 18:02:18 2014 [18576][-none-][FATAL] Configuration variable date.timezone is not set, guessed timezone Asia/Colombo. Please set date.timezone="Asia/Colombo" in php.ini!
Tue Feb 18 18:02:18 2014 [18576][-none-][INFO] Query:SELECT id, name, symbol, conversion_rate FROM currencies WHERE status = 'Active' and deleted = 0
Tue Feb 18 18:02:18 2014 [18576][-none-][INFO] Query Execution Time:6.1988830566406E-5
Tue Feb 18 18:02:18 2014 [18576][-none-][DEBUG] rebuilding cache for Users
Tue Feb 18 18:02:18 2014 [18576][-none-][INFO] Query:SELECT * FROM fields_meta_data WHERE  custom_module='Users' AND  deleted = 0
Tue Feb 18 18:02:18 2014 [18576][-none-][INFO] Query Execution Time:0.00024914741516113
Tue Feb 18 18:02:18 2014 [18576][-none-][DEBUG] rebuilding cache for Employees
Tue Feb 18 18:02:18 2014 [18576][-none-][INFO] Query:SELECT * FROM fields_meta_data WHERE  custom_module='Employees' AND  deleted = 0
Tue Feb 18 18:02:18 2014 [18576][-none-][INFO] Query Execution Time:0.00023603439331055
Tue Feb 18 18:02:18 2014 [18576][-none-][DEBUG] rebuilding cache for EmailAddresses
Tue Feb 18 18:02:18 2014 [18576][-none-][INFO] Query:SELECT * FROM fields_meta_data WHERE  custom_module='EmailAddresses' AND  deleted = 0
Tue Feb 18 18:02:18 2014 [18576][-none-][INFO] Query Execution Time:0.00019121170043945
Tue Feb 18 18:02:18 2014 [18576][-none-][DEBUG] rebuilding cache for UserPreferences
Tue Feb 18 18:02:18 2014 [18576][-none-][INFO] Query:SELECT * FROM fields_meta_data WHERE  custom_module='UserPreferences' AND  deleted = 0
Tue Feb 18 18:02:18 2014 [18576][-none-][INFO] Query Execution Time:0.00021886825561523
Tue Feb 18 18:02:18 2014 [18576][-none-][DEBUG] rebuilding cache for Administration
Tue Feb 18 18:02:18 2014 [18576][-none-][INFO] Query:SELECT * FROM fields_meta_data WHERE  custom_module='Administration' AND  deleted = 0
Tue Feb 18 18:02:18 2014 [18576][-none-][INFO] Query Execution Time:0.00019598007202148
Tue Feb 18 18:02:18 2014 [18576][-none-][INFO] Query:SELECT category, name, value FROM config
Tue Feb 18 18:02:18 2014 [18576][-none-][INFO] Query Execution Time:0.00018095970153809
Tue Feb 18 18:02:18 2014 [18576][-none-][INFO] Query:SELECT id FROM outbound_email WHERE type = 'system'
Tue Feb 18 18:02:18 2014 [18576][-none-][INFO] Query Execution Time:0.00011491775512695
Tue Feb 18 18:02:18 2014 [18576][-none-][INFO] Query:SELECT * FROM outbound_email WHERE id = 'b98db0ce-a5cd-fa1d-d788-4f886ec18b26'
Tue Feb 18 18:02:18 2014 [18576][-none-][INFO] Query Execution Time:0.00012612342834473
Tue Feb 18 18:02:18 2014 [18576][-none-][DEBUG] Hook called: ::after_entry_point
Tue Feb 18 18:02:18 2014 [18576][-none-][DEBUG] Hook called: ::after_session_start
Tue Feb 18 18:02:18 2014 [18576][-none-][DEBUG] Hook called: ::server_round_trip
Tue Feb 18 18:02:18 2014 [18576][-none-][DEBUG] Calling MySQLi::disconnect()
Tue Feb 18 18:10:08 2014 [18581][-none-][FATAL] Configuration variable date.timezone is not set, guessed timezone Asia/Colombo. Please set date.timezone="Asia/Colombo" in php.ini!
Tue Feb 18 12:47:33 2014 [20457][-none-][FATAL] Could not connect to DB server localhost as root. port : No such file or directory
Tue Feb 18 12:48:01 2014 [20455][-none-][FATAL] Could not connect to DB server localhost as root. port : No such file or directory
Tue Feb 18 12:48:41 2014 [20460][-none-][FATAL] Could not connect to DB server localhost as root. port : No such file or directory
Tue Feb 18 12:53:35 2014 [20632][1][FATAL]  Query Failed:  SELECT  tasks.*  , LTRIM(RTRIM(CONCAT(IFNULL(jt0.first_name,''),' ',IFNULL(jt0.last_name,'')))) modified_by_name , jt0.created_by modified_by_name_owner  , 'Users' modified_by_name_mod , LTRIM(RTRIM(CONCAT(IFNULL(jt1.first_name,''),' ',IFNULL(jt1.last_name,'')))) created_by_name , jt1.created_by created_by_name_owner  , 'Users' created_by_name_mod , LTRIM(RTRIM(CONCAT(IFNULL(jt2.first_name,''),' ',IFNULL(jt2.last_name,'')))) assigned_user_name , jt2.created_by assigned_user_name_owner  , 'Users' assigned_user_name_mod, LTRIM(RTRIM(CONCAT(IFNULL(tasks.first_name,''),' ',IFNULL(tasks.last_name,'')))) as contact_name , LTRIM(RTRIM(CONCAT(IFNULL(contacts.first_name,''),' ',IFNULL(contacts.last_name,'')))) contact_name , contacts.assigned_user_id contact_name_owner  , 'Contacts' contact_name_mod , LTRIM(RTRIM(CONCAT(IFNULL(jt4.first_name,''),' ',IFNULL(jt4.last_name,'')))) modified_user_name , jt4.created_by modified_user_name_owner  , 'Users' modified_user_name_mod FROM tasks   LEFT JOIN  users jt0 ON tasks.modified_user_id=jt0.id AND jt0.deleted=0

 AND jt0.deleted=0  LEFT JOIN  users jt1 ON tasks.created_by=jt1.id AND jt1.deleted=0

 AND jt1.deleted=0  LEFT JOIN  users jt2 ON tasks.assigned_user_id=jt2.id AND jt2.deleted=0

 AND jt2.deleted=0  LEFT JOIN  contacts contacts ON tasks.contact_id=contacts.id AND contacts.deleted=0

 AND contacts.deleted=0  LEFT JOIN  users jt4 ON tasks.modified_user_id=jt4.id AND jt4.deleted=0

 AND jt4.deleted=0 where ((tasks.date_due >= '2014-02-16 05:00:00' AND tasks.date_due < '2014-02-23 05:00:00') AND tasks.assigned_user_id='1' ) AND tasks.deleted=0: MySQL error 1054: Unknown column 'tasks.first_name' in 'field list'
Tue Feb 18 12:53:35 2014 [20632][1][FATAL]  Query Failed:  SELECT  DISTINCT  calls.id , calls.status , calls.name , calls.date_start , LTRIM(RTRIM(CONCAT(IFNULL(calls.first_name,''),' ',IFNULL(calls.last_name,'')))) as contact_name, '                                                                                                                                                                                                                                                              ' contact_name , '                                    '  contact_id , calls.assigned_user_id , calls.date_entered  FROM calls  LEFT JOIN  calls_users c_u on  c_u.call_id = calls.id  where ((calls.status IN ('Planned')
)) AND calls.deleted=0 AND (calls.assigned_user_id = '1' OR (c_u.user_id = '1' AND c_u.deleted = 0  ))  ORDER BY calls.date_entered DESC LIMIT 0,6: MySQL error 1054: Unknown column 'calls.first_name' in 'field list'
Tue Feb 18 12:55:47 2014 [20498][1][FATAL]  Query Failed:  SELECT  tasks.*  , LTRIM(RTRIM(CONCAT(IFNULL(jt0.first_name,''),' ',IFNULL(jt0.last_name,'')))) modified_by_name , jt0.created_by modified_by_name_owner  , 'Users' modified_by_name_mod , LTRIM(RTRIM(CONCAT(IFNULL(jt1.first_name,''),' ',IFNULL(jt1.last_name,'')))) created_by_name , jt1.created_by created_by_name_owner  , 'Users' created_by_name_mod , LTRIM(RTRIM(CONCAT(IFNULL(jt2.first_name,''),' ',IFNULL(jt2.last_name,'')))) assigned_user_name , jt2.created_by assigned_user_name_owner  , 'Users' assigned_user_name_mod, LTRIM(RTRIM(CONCAT(IFNULL(tasks.first_name,''),' ',IFNULL(tasks.last_name,'')))) as contact_name , LTRIM(RTRIM(CONCAT(IFNULL(contacts.first_name,''),' ',IFNULL(contacts.last_name,'')))) contact_name , contacts.assigned_user_id contact_name_owner  , 'Contacts' contact_name_mod , LTRIM(RTRIM(CONCAT(IFNULL(jt4.first_name,''),' ',IFNULL(jt4.last_name,'')))) modified_user_name , jt4.created_by modified_user_name_owner  , 'Users' modified_user_name_mod FROM tasks   LEFT JOIN  users jt0 ON tasks.modified_user_id=jt0.id AND jt0.deleted=0

 AND jt0.deleted=0  LEFT JOIN  users jt1 ON tasks.created_by=jt1.id AND jt1.deleted=0

 AND jt1.deleted=0  LEFT JOIN  users jt2 ON tasks.assigned_user_id=jt2.id AND jt2.deleted=0

 AND jt2.deleted=0  LEFT JOIN  contacts contacts ON tasks.contact_id=contacts.id AND contacts.deleted=0

 AND contacts.deleted=0  LEFT JOIN  users jt4 ON tasks.modified_user_id=jt4.id AND jt4.deleted=0

 AND jt4.deleted=0 where ((tasks.date_due >= '2014-02-16 05:00:00' AND tasks.date_due < '2014-02-23 05:00:00') AND tasks.assigned_user_id='1' ) AND tasks.deleted=0: MySQL error 1054: Unknown column 'tasks.first_name' in 'field list'
Tue Feb 18 12:55:47 2014 [20498][1][FATAL]  Query Failed:  SELECT  DISTINCT  calls.id , calls.status , calls.name , calls.date_start , LTRIM(RTRIM(CONCAT(IFNULL(calls.first_name,''),' ',IFNULL(calls.last_name,'')))) as contact_name, '                                                                                                                                                                                                                                                              ' contact_name , '                                    '  contact_id , calls.assigned_user_id , calls.date_entered  FROM calls  LEFT JOIN  calls_users c_u on  c_u.call_id = calls.id  where ((calls.status IN ('Planned')
)) AND calls.deleted=0 AND (calls.assigned_user_id = '1' OR (c_u.user_id = '1' AND c_u.deleted = 0  ))  ORDER BY calls.date_entered DESC LIMIT 0,6: MySQL error 1054: Unknown column 'calls.first_name' in 'field list'
Tue Feb 18 12:56:09 2014 [20676][1][FATAL]  Query Failed:  SELECT  calls.id , calls.status , calls.direction , calls.name , LTRIM(RTRIM(CONCAT(IFNULL(calls.first_name,''),' ',IFNULL(calls.last_name,'')))) as contact_name, '                                                                                                                                                                                                                                                              ' contact_name , '                                    '  contact_id , calls.parent_id , calls.parent_type , calls.date_start  , LTRIM(RTRIM(CONCAT(IFNULL(jt1.first_name,''),' ',IFNULL(jt1.last_name,'')))) assigned_user_name , jt1.created_by assigned_user_name_owner  , 'Users' assigned_user_name_mod, calls.date_entered , calls.assigned_user_id  FROM calls   LEFT JOIN  users jt1 ON calls.assigned_user_id=jt1.id AND jt1.deleted=0

 AND jt1.deleted=0 where calls.deleted=0 ORDER BY calls.date_entered DESC LIMIT 0,21: MySQL error 1054: Unknown column 'calls.first_name' in 'field list'
Tue Feb 18 12:59:00 2014 [20732][-none-][FATAL] SECURITY: User authentication for stepheno failed
Tue Feb 18 12:59:00 2014 [20732][-none-][FATAL] FAILED LOGIN:attempts[1] - stepheno
Tue Feb 18 12:59:13 2014 [20650][-none-][FATAL] SECURITY: User authentication for stepheno failed
Tue Feb 18 12:59:13 2014 [20650][-none-][FATAL] FAILED LOGIN:attempts[2] - stepheno
Tue Feb 18 12:59:50 2014 [20744][-none-][FATAL] SECURITY: User authentication for admin failed
Tue Feb 18 12:59:50 2014 [20744][-none-][FATAL] FAILED LOGIN:attempts[3] - admin
Tue Feb 18 13:00:23 2014 [20758][1][FATAL]  Query Failed:  SELECT  tasks.*  , LTRIM(RTRIM(CONCAT(IFNULL(jt0.first_name,''),' ',IFNULL(jt0.last_name,'')))) modified_by_name , jt0.created_by modified_by_name_owner  , 'Users' modified_by_name_mod , LTRIM(RTRIM(CONCAT(IFNULL(jt1.first_name,''),' ',IFNULL(jt1.last_name,'')))) created_by_name , jt1.created_by created_by_name_owner  , 'Users' created_by_name_mod , LTRIM(RTRIM(CONCAT(IFNULL(jt2.first_name,''),' ',IFNULL(jt2.last_name,'')))) assigned_user_name , jt2.created_by assigned_user_name_owner  , 'Users' assigned_user_name_mod, LTRIM(RTRIM(CONCAT(IFNULL(tasks.first_name,''),' ',IFNULL(tasks.last_name,'')))) as contact_name , LTRIM(RTRIM(CONCAT(IFNULL(contacts.first_name,''),' ',IFNULL(contacts.last_name,'')))) contact_name , contacts.assigned_user_id contact_name_owner  , 'Contacts' contact_name_mod , LTRIM(RTRIM(CONCAT(IFNULL(jt4.first_name,''),' ',IFNULL(jt4.last_name,'')))) modified_user_name , jt4.created_by modified_user_name_owner  , 'Users' modified_user_name_mod FROM tasks   LEFT JOIN  users jt0 ON tasks.modified_user_id=jt0.id AND jt0.deleted=0

 AND jt0.deleted=0  LEFT JOIN  users jt1 ON tasks.created_by=jt1.id AND jt1.deleted=0

 AND jt1.deleted=0  LEFT JOIN  users jt2 ON tasks.assigned_user_id=jt2.id AND jt2.deleted=0

 AND jt2.deleted=0  LEFT JOIN  contacts contacts ON tasks.contact_id=contacts.id AND contacts.deleted=0

 AND contacts.deleted=0  LEFT JOIN  users jt4 ON tasks.modified_user_id=jt4.id AND jt4.deleted=0

 AND jt4.deleted=0 where ((tasks.date_due >= '2014-02-16 05:00:00' AND tasks.date_due < '2014-02-23 05:00:00') AND tasks.assigned_user_id='1' ) AND tasks.deleted=0: MySQL error 1054: Unknown column 'tasks.first_name' in 'field list'
Tue Feb 18 13:00:23 2014 [20758][1][FATAL]  Query Failed:  SELECT  DISTINCT  calls.id , calls.status , calls.name , calls.date_start , LTRIM(RTRIM(CONCAT(IFNULL(calls.first_name,''),' ',IFNULL(calls.last_name,'')))) as contact_name, '                                                                                                                                                                                                                                                              ' contact_name , '                                    '  contact_id , calls.assigned_user_id , calls.date_entered  FROM calls  LEFT JOIN  calls_users c_u on  c_u.call_id = calls.id  where ((calls.status IN ('Planned')
)) AND calls.deleted=0 AND (calls.assigned_user_id = '1' OR (c_u.user_id = '1' AND c_u.deleted = 0  ))  ORDER BY calls.date_entered DESC LIMIT 0,6: MySQL error 1054: Unknown column 'calls.first_name' in 'field list'
Tue Feb 18 13:14:07 2014 [20785][1][FATAL]  Query Failed:  SELECT comite_conditioninstance.id ref_id   , jt0.assigned_user_id comite_conditioninstance_comite_relative_name_owner, 'comite_Relative' comite_conditioninstance_comite_relative_name_mod , jt0.name comite_conditioninstance_comite_relative_name, jtl0.comite_conditioninstance_comite_relativecomite_relative_ida comite_conditioninstance_comite_relativecomite_relative_ida FROM comite_conditioninstance   LEFT JOIN  comite_conditioninstance_comite_relative_c jtl0 ON comite_conditioninstance.id=jtl0.comite_conb517nstance_idb AND jtl0.deleted=0

 LEFT JOIN  comite_relative jt0 ON jt0.id=jtl0.comite_conditioninstance_comite_relativecomite_relative_ida AND jt0.deleted=0
 AND jt0.deleted=0 INNER JOIN  comite_conditioninstance_comite_familyhealthhistory_c ON comite_conditioninstance.id=comite_conditioninstance_comite_familyhealthhistory_c.comite_con8035nstance_idb AND comite_conditioninstance_comite_familyhealthhistory_c.comite_con0c71history_ida='31afae0b-cf98-e53c-960d-501c4bd33d22' AND comite_conditioninstance_comite_familyhealthhistory_c.deleted=0

 where comite_conditioninstance.deleted=0: MySQL error 1054: Unknown column 'jtl0.comite_conditioninstance_comite_relativecomite_relative_ida' in 'field list'
Tue Feb 18 13:14:41 2014 [20790][1][FATAL]  Query Failed:  SELECT comite_conditioninstance.id ref_id   , jt0.assigned_user_id comite_conditioninstance_comite_relative_name_owner, 'comite_Relative' comite_conditioninstance_comite_relative_name_mod , jt0.name comite_conditioninstance_comite_relative_name, jtl0.comite_conditioninstance_comite_relativecomite_relative_ida comite_conditioninstance_comite_relativecomite_relative_ida FROM comite_conditioninstance   LEFT JOIN  comite_conditioninstance_comite_relative_c jtl0 ON comite_conditioninstance.id=jtl0.comite_conb517nstance_idb AND jtl0.deleted=0

 LEFT JOIN  comite_relative jt0 ON jt0.id=jtl0.comite_conditioninstance_comite_relativecomite_relative_ida AND jt0.deleted=0
 AND jt0.deleted=0 INNER JOIN  comite_conditioninstance_comite_familyhealthhistory_c ON comite_conditioninstance.id=comite_conditioninstance_comite_familyhealthhistory_c.comite_con8035nstance_idb AND comite_conditioninstance_comite_familyhealthhistory_c.comite_con0c71history_ida='31afae0b-cf98-e53c-960d-501c4bd33d22' AND comite_conditioninstance_comite_familyhealthhistory_c.deleted=0

 where comite_conditioninstance.deleted=0: MySQL error 1054: Unknown column 'jtl0.comite_conditioninstance_comite_relativecomite_relative_ida' in 'field list'
Tue Feb 18 13:17:39 2014 [20790][1][FATAL]  Query Failed:  SELECT comite_conditioninstance.id ref_id   , jt0.assigned_user_id comite_conditioninstance_comite_relative_name_owner, 'comite_Relative' comite_conditioninstance_comite_relative_name_mod , jt0.name comite_conditioninstance_comite_relative_name, jtl0.comite_conditioninstance_comite_relativecomite_relative_ida comite_conditioninstance_comite_relativecomite_relative_ida FROM comite_conditioninstance   LEFT JOIN  comite_conditioninstance_comite_relative_c jtl0 ON comite_conditioninstance.id=jtl0.comite_conb517nstance_idb AND jtl0.deleted=0

 LEFT JOIN  comite_relative jt0 ON jt0.id=jtl0.comite_conditioninstance_comite_relativecomite_relative_ida AND jt0.deleted=0
 AND jt0.deleted=0 INNER JOIN  comite_conditioninstance_comite_familyhealthhistory_c ON comite_conditioninstance.id=comite_conditioninstance_comite_familyhealthhistory_c.comite_con8035nstance_idb AND comite_conditioninstance_comite_familyhealthhistory_c.comite_con0c71history_ida='31afae0b-cf98-e53c-960d-501c4bd33d22' AND comite_conditioninstance_comite_familyhealthhistory_c.deleted=0

 where comite_conditioninstance.deleted=0: MySQL error 1054: Unknown column 'jtl0.comite_conditioninstance_comite_relativecomite_relative_ida' in 'field list'
Tue Feb 18 13:22:10 2014 [20972][1][FATAL]  Query Failed:  SELECT comite_conditioninstance.id ref_id   , jt0.assigned_user_id comite_conditioninstance_comite_relative_name_owner, 'comite_Relative' comite_conditioninstance_comite_relative_name_mod , jt0.name comite_conditioninstance_comite_relative_name, jtl0.comite_conditioninstance_comite_relativecomite_relative_ida comite_conditioninstance_comite_relativecomite_relative_ida FROM comite_conditioninstance   LEFT JOIN  comite_conditioninstance_comite_relative_c jtl0 ON comite_conditioninstance.id=jtl0.comite_conb517nstance_idb AND jtl0.deleted=0

 LEFT JOIN  comite_relative jt0 ON jt0.id=jtl0.comite_conditioninstance_comite_relativecomite_relative_ida AND jt0.deleted=0
 AND jt0.deleted=0 INNER JOIN  comite_conditioninstance_comite_familyhealthhistory_c ON comite_conditioninstance.id=comite_conditioninstance_comite_familyhealthhistory_c.comite_con8035nstance_idb AND comite_conditioninstance_comite_familyhealthhistory_c.comite_con0c71history_ida='31afae0b-cf98-e53c-960d-501c4bd33d22' AND comite_conditioninstance_comite_familyhealthhistory_c.deleted=0

 where comite_conditioninstance.deleted=0: MySQL error 1054: Unknown column 'jtl0.comite_conditioninstance_comite_relativecomite_relative_ida' in 'field list'
Tue Feb 18 13:23:51 2014 [21030][1][FATAL]  Query Failed:  SELECT  meetings.id  , meetings.status , meetings.name , LTRIM(RTRIM(CONCAT(IFNULL(meetings.first_name,''),' ',IFNULL(meetings.last_name,'')))) as contact_name, '                                                                                                                                                                                                                                                              ' contact_name , '                                    '  contact_id , meetings.parent_id , meetings.parent_type , meetings.date_start  , LTRIM(RTRIM(CONCAT(IFNULL(jt1.first_name,''),' ',IFNULL(jt1.last_name,'')))) assigned_user_name , jt1.created_by assigned_user_name_owner  , 'Users' assigned_user_name_mod, meetings.date_entered , meetings.assigned_user_id  FROM meetings   LEFT JOIN meetings_cstm ON meetings.id = meetings_cstm.id_c   LEFT JOIN  users jt1 ON meetings.assigned_user_id=jt1.id AND jt1.deleted=0

 AND jt1.deleted=0 where meetings.deleted=0 ORDER BY meetings.date_entered DESC LIMIT 0,21: MySQL error 1054: Unknown column 'meetings.first_name' in 'field list'
Tue Feb 18 13:24:17 2014 [21006][1][FATAL]  Query Failed:  SELECT  tasks.*  , LTRIM(RTRIM(CONCAT(IFNULL(jt0.first_name,''),' ',IFNULL(jt0.last_name,'')))) modified_by_name , jt0.created_by modified_by_name_owner  , 'Users' modified_by_name_mod , LTRIM(RTRIM(CONCAT(IFNULL(jt1.first_name,''),' ',IFNULL(jt1.last_name,'')))) created_by_name , jt1.created_by created_by_name_owner  , 'Users' created_by_name_mod , LTRIM(RTRIM(CONCAT(IFNULL(jt2.first_name,''),' ',IFNULL(jt2.last_name,'')))) assigned_user_name , jt2.created_by assigned_user_name_owner  , 'Users' assigned_user_name_mod, LTRIM(RTRIM(CONCAT(IFNULL(tasks.first_name,''),' ',IFNULL(tasks.last_name,'')))) as contact_name , LTRIM(RTRIM(CONCAT(IFNULL(contacts.first_name,''),' ',IFNULL(contacts.last_name,'')))) contact_name , contacts.assigned_user_id contact_name_owner  , 'Contacts' contact_name_mod , LTRIM(RTRIM(CONCAT(IFNULL(jt4.first_name,''),' ',IFNULL(jt4.last_name,'')))) modified_user_name , jt4.created_by modified_user_name_owner  , 'Users' modified_user_name_mod FROM tasks   LEFT JOIN  users jt0 ON tasks.modified_user_id=jt0.id AND jt0.deleted=0

 AND jt0.deleted=0  LEFT JOIN  users jt1 ON tasks.created_by=jt1.id AND jt1.deleted=0

 AND jt1.deleted=0  LEFT JOIN  users jt2 ON tasks.assigned_user_id=jt2.id AND jt2.deleted=0

 AND jt2.deleted=0  LEFT JOIN  contacts contacts ON tasks.contact_id=contacts.id AND contacts.deleted=0

 AND contacts.deleted=0  LEFT JOIN  users jt4 ON tasks.modified_user_id=jt4.id AND jt4.deleted=0

 AND jt4.deleted=0 where ((tasks.date_due >= '2014-02-17 05:00:00' AND tasks.date_due < '2014-04-17 04:00:00') AND tasks.assigned_user_id='1' ) AND tasks.deleted=0: MySQL error 1054: Unknown column 'tasks.first_name' in 'field list'
Tue Feb 18 13:24:17 2014 [21006][1][FATAL]  Query Failed:  SELECT  meetings.id  , meetings.status , meetings.name , LTRIM(RTRIM(CONCAT(IFNULL(meetings.first_name,''),' ',IFNULL(meetings.last_name,'')))) as contact_name, '                                                                                                                                                                                                                                                              ' contact_name , '                                    '  contact_id , meetings.parent_id , meetings.parent_type , meetings.date_start  , LTRIM(RTRIM(CONCAT(IFNULL(jt1.first_name,''),' ',IFNULL(jt1.last_name,'')))) assigned_user_name , jt1.created_by assigned_user_name_owner  , 'Users' assigned_user_name_mod, meetings.date_entered , meetings.assigned_user_id  FROM meetings   LEFT JOIN meetings_cstm ON meetings.id = meetings_cstm.id_c   LEFT JOIN  users jt1 ON meetings.assigned_user_id=jt1.id AND jt1.deleted=0

 AND jt1.deleted=0 where meetings.deleted=0 ORDER BY meetings.date_entered DESC LIMIT 0,51: MySQL error 1054: Unknown column 'meetings.first_name' in 'field list'
Tue Feb 18 13:26:19 2014 [20785][1][FATAL]  Query Failed:  SELECT  tasks.*  , LTRIM(RTRIM(CONCAT(IFNULL(jt0.first_name,''),' ',IFNULL(jt0.last_name,'')))) modified_by_name , jt0.created_by modified_by_name_owner  , 'Users' modified_by_name_mod , LTRIM(RTRIM(CONCAT(IFNULL(jt1.first_name,''),' ',IFNULL(jt1.last_name,'')))) created_by_name , jt1.created_by created_by_name_owner  , 'Users' created_by_name_mod , LTRIM(RTRIM(CONCAT(IFNULL(jt2.first_name,''),' ',IFNULL(jt2.last_name,'')))) assigned_user_name , jt2.created_by assigned_user_name_owner  , 'Users' assigned_user_name_mod, LTRIM(RTRIM(CONCAT(IFNULL(tasks.first_name,''),' ',IFNULL(tasks.last_name,'')))) as contact_name , LTRIM(RTRIM(CONCAT(IFNULL(contacts.first_name,''),' ',IFNULL(contacts.last_name,'')))) contact_name , contacts.assigned_user_id contact_name_owner  , 'Contacts' contact_name_mod , LTRIM(RTRIM(CONCAT(IFNULL(jt4.first_name,''),' ',IFNULL(jt4.last_name,'')))) modified_user_name , jt4.created_by modified_user_name_owner  , 'Users' modified_user_name_mod FROM tasks   LEFT JOIN  users jt0 ON tasks.modified_user_id=jt0.id AND jt0.deleted=0

 AND jt0.deleted=0  LEFT JOIN  users jt1 ON tasks.created_by=jt1.id AND jt1.deleted=0

 AND jt1.deleted=0  LEFT JOIN  users jt2 ON tasks.assigned_user_id=jt2.id AND jt2.deleted=0

 AND jt2.deleted=0  LEFT JOIN  contacts contacts ON tasks.contact_id=contacts.id AND contacts.deleted=0

 AND contacts.deleted=0  LEFT JOIN  users jt4 ON tasks.modified_user_id=jt4.id AND jt4.deleted=0

 AND jt4.deleted=0 where ((tasks.date_due >= '2014-02-16 05:00:00' AND tasks.date_due < '2014-02-23 05:00:00') AND tasks.assigned_user_id='1' ) AND tasks.deleted=0: MySQL error 1054: Unknown column 'tasks.first_name' in 'field list'
Tue Feb 18 13:26:19 2014 [20785][1][FATAL]  Query Failed:  SELECT  DISTINCT  calls.id , calls.status , calls.name , calls.date_start , LTRIM(RTRIM(CONCAT(IFNULL(calls.first_name,''),' ',IFNULL(calls.last_name,'')))) as contact_name, '                                                                                                                                                                                                                                                              ' contact_name , '                                    '  contact_id , calls.assigned_user_id , calls.date_entered  FROM calls  LEFT JOIN  calls_users c_u on  c_u.call_id = calls.id  where ((calls.status IN ('Planned')
)) AND calls.deleted=0 AND (calls.assigned_user_id = '1' OR (c_u.user_id = '1' AND c_u.deleted = 0  ))  ORDER BY calls.date_entered DESC LIMIT 0,6: MySQL error 1054: Unknown column 'calls.first_name' in 'field list'
Tue Feb 18 13:36:20 2014 [21117][1][FATAL]  Query Failed:  SELECT comite_conditioninstance.id ref_id   , jt0.assigned_user_id comite_conditioninstance_comite_relative_name_owner, 'comite_Relative' comite_conditioninstance_comite_relative_name_mod , jt0.name comite_conditioninstance_comite_relative_name, jtl0.comite_conditioninstance_comite_relativecomite_relative_ida comite_conditioninstance_comite_relativecomite_relative_ida FROM comite_conditioninstance   LEFT JOIN  comite_conditioninstance_comite_relative_c jtl0 ON comite_conditioninstance.id=jtl0.comite_conb517nstance_idb AND jtl0.deleted=0

 LEFT JOIN  comite_relative jt0 ON jt0.id=jtl0.comite_conditioninstance_comite_relativecomite_relative_ida AND jt0.deleted=0
 AND jt0.deleted=0 INNER JOIN  comite_conditioninstance_comite_familyhealthhistory_c ON comite_conditioninstance.id=comite_conditioninstance_comite_familyhealthhistory_c.comite_con8035nstance_idb AND comite_conditioninstance_comite_familyhealthhistory_c.comite_con0c71history_ida='31afae0b-cf98-e53c-960d-501c4bd33d22' AND comite_conditioninstance_comite_familyhealthhistory_c.deleted=0

 where comite_conditioninstance.deleted=0: MySQL error 1054: Unknown column 'jtl0.comite_conditioninstance_comite_relativecomite_relative_ida' in 'field list'
Tue Feb 18 13:38:02 2014 [20785][1][FATAL]  Query Failed:  SELECT comite_conditioninstance.id ref_id   , jt0.assigned_user_id comite_conditioninstance_comite_relative_name_owner, 'comite_Relative' comite_conditioninstance_comite_relative_name_mod , jt0.name comite_conditioninstance_comite_relative_name, jtl0.comite_conditioninstance_comite_relativecomite_relative_ida comite_conditioninstance_comite_relativecomite_relative_ida FROM comite_conditioninstance   LEFT JOIN  comite_conditioninstance_comite_relative_c jtl0 ON comite_conditioninstance.id=jtl0.comite_conb517nstance_idb AND jtl0.deleted=0

 LEFT JOIN  comite_relative jt0 ON jt0.id=jtl0.comite_conditioninstance_comite_relativecomite_relative_ida AND jt0.deleted=0
 AND jt0.deleted=0 INNER JOIN  comite_conditioninstance_comite_familyhealthhistory_c ON comite_conditioninstance.id=comite_conditioninstance_comite_familyhealthhistory_c.comite_con8035nstance_idb AND comite_conditioninstance_comite_familyhealthhistory_c.comite_con0c71history_ida='31afae0b-cf98-e53c-960d-501c4bd33d22' AND comite_conditioninstance_comite_familyhealthhistory_c.deleted=0

 where comite_conditioninstance.deleted=0: MySQL error 1054: Unknown column 'jtl0.comite_conditioninstance_comite_relativecomite_relative_ida' in 'field list'
Tue Feb 18 13:46:06 2014 [21131][1][FATAL]  Query Failed:  SELECT comite_conditioninstance.id ref_id   , jt0.assigned_user_id comite_conditioninstance_comite_relative_name_owner, 'comite_Relative' comite_conditioninstance_comite_relative_name_mod , jt0.name comite_conditioninstance_comite_relative_name, jtl0.comite_conditioninstance_comite_relativecomite_relative_ida comite_conditioninstance_comite_relativecomite_relative_ida FROM comite_conditioninstance   LEFT JOIN  comite_conditioninstance_comite_relative_c jtl0 ON comite_conditioninstance.id=jtl0.comite_conb517nstance_idb AND jtl0.deleted=0

 LEFT JOIN  comite_relative jt0 ON jt0.id=jtl0.comite_conditioninstance_comite_relativecomite_relative_ida AND jt0.deleted=0
 AND jt0.deleted=0 INNER JOIN  comite_conditioninstance_comite_familyhealthhistory_c ON comite_conditioninstance.id=comite_conditioninstance_comite_familyhealthhistory_c.comite_con8035nstance_idb AND comite_conditioninstance_comite_familyhealthhistory_c.comite_con0c71history_ida='31afae0b-cf98-e53c-960d-501c4bd33d22' AND comite_conditioninstance_comite_familyhealthhistory_c.deleted=0

 where comite_conditioninstance.deleted=0: MySQL error 1054: Unknown column 'jtl0.comite_conditioninstance_comite_relativecomite_relative_ida' in 'field list'
Tue Feb 18 13:47:35 2014 [21090][1][FATAL]  Query Failed:  SELECT comite_conditioninstance.id ref_id   , jt0.assigned_user_id comite_conditioninstance_comite_relative_name_owner, 'comite_Relative' comite_conditioninstance_comite_relative_name_mod , jt0.name comite_conditioninstance_comite_relative_name, jtl0.comite_conditioninstance_comite_relativecomite_relative_ida comite_conditioninstance_comite_relativecomite_relative_ida FROM comite_conditioninstance   LEFT JOIN  comite_conditioninstance_comite_relative_c jtl0 ON comite_conditioninstance.id=jtl0.comite_conb517nstance_idb AND jtl0.deleted=0

 LEFT JOIN  comite_relative jt0 ON jt0.id=jtl0.comite_conditioninstance_comite_relativecomite_relative_ida AND jt0.deleted=0
 AND jt0.deleted=0 INNER JOIN  comite_conditioninstance_comite_familyhealthhistory_c ON comite_conditioninstance.id=comite_conditioninstance_comite_familyhealthhistory_c.comite_con8035nstance_idb AND comite_conditioninstance_comite_familyhealthhistory_c.comite_con0c71history_ida='31afae0b-cf98-e53c-960d-501c4bd33d22' AND comite_conditioninstance_comite_familyhealthhistory_c.deleted=0

 where comite_conditioninstance.deleted=0: MySQL error 1054: Unknown column 'jtl0.comite_conditioninstance_comite_relativecomite_relative_ida' in 'field list'
Tue Feb 18 13:49:02 2014 [21130][1][FATAL]  Query Failed:  SELECT comite_conditioninstance.id ref_id   , jt0.assigned_user_id comite_conditioninstance_comite_relative_name_owner, 'comite_Relative' comite_conditioninstance_comite_relative_name_mod , jt0.name comite_conditioninstance_comite_relative_name, jtl0.comite_conditioninstance_comite_relativecomite_relative_ida comite_conditioninstance_comite_relativecomite_relative_ida FROM comite_conditioninstance   LEFT JOIN  comite_conditioninstance_comite_relative_c jtl0 ON comite_conditioninstance.id=jtl0.comite_conb517nstance_idb AND jtl0.deleted=0

 LEFT JOIN  comite_relative jt0 ON jt0.id=jtl0.comite_conditioninstance_comite_relativecomite_relative_ida AND jt0.deleted=0
 AND jt0.deleted=0 INNER JOIN  comite_conditioninstance_comite_familyhealthhistory_c ON comite_conditioninstance.id=comite_conditioninstance_comite_familyhealthhistory_c.comite_con8035nstance_idb AND comite_conditioninstance_comite_familyhealthhistory_c.comite_con0c71history_ida='31afae0b-cf98-e53c-960d-501c4bd33d22' AND comite_conditioninstance_comite_familyhealthhistory_c.deleted=0

 where comite_conditioninstance.deleted=0: MySQL error 1054: Unknown column 'jtl0.comite_conditioninstance_comite_relativecomite_relative_ida' in 'field list'
Tue Feb 18 13:50:29 2014 [21130][1][FATAL]  Query Failed:  SELECT  tasks.*  , LTRIM(RTRIM(CONCAT(IFNULL(jt0.first_name,''),' ',IFNULL(jt0.last_name,'')))) modified_by_name , jt0.created_by modified_by_name_owner  , 'Users' modified_by_name_mod , LTRIM(RTRIM(CONCAT(IFNULL(jt1.first_name,''),' ',IFNULL(jt1.last_name,'')))) created_by_name , jt1.created_by created_by_name_owner  , 'Users' created_by_name_mod , LTRIM(RTRIM(CONCAT(IFNULL(jt2.first_name,''),' ',IFNULL(jt2.last_name,'')))) assigned_user_name , jt2.created_by assigned_user_name_owner  , 'Users' assigned_user_name_mod, LTRIM(RTRIM(CONCAT(IFNULL(tasks.first_name,''),' ',IFNULL(tasks.last_name,'')))) as contact_name , LTRIM(RTRIM(CONCAT(IFNULL(contacts.first_name,''),' ',IFNULL(contacts.last_name,'')))) contact_name , contacts.assigned_user_id contact_name_owner  , 'Contacts' contact_name_mod , LTRIM(RTRIM(CONCAT(IFNULL(jt4.first_name,''),' ',IFNULL(jt4.last_name,'')))) modified_user_name , jt4.created_by modified_user_name_owner  , 'Users' modified_user_name_mod FROM tasks   LEFT JOIN  users jt0 ON tasks.modified_user_id=jt0.id AND jt0.deleted=0

 AND jt0.deleted=0  LEFT JOIN  users jt1 ON tasks.created_by=jt1.id AND jt1.deleted=0

 AND jt1.deleted=0  LEFT JOIN  users jt2 ON tasks.assigned_user_id=jt2.id AND jt2.deleted=0

 AND jt2.deleted=0  LEFT JOIN  contacts contacts ON tasks.contact_id=contacts.id AND contacts.deleted=0

 AND contacts.deleted=0  LEFT JOIN  users jt4 ON tasks.modified_user_id=jt4.id AND jt4.deleted=0

 AND jt4.deleted=0 where ((tasks.date_due >= '2014-02-16 05:00:00' AND tasks.date_due < '2014-02-23 05:00:00') AND tasks.assigned_user_id='1' ) AND tasks.deleted=0: MySQL error 1054: Unknown column 'tasks.first_name' in 'field list'
Tue Feb 18 13:50:29 2014 [21130][1][FATAL]  Query Failed:  SELECT  DISTINCT  calls.id , calls.status , calls.name , calls.date_start , LTRIM(RTRIM(CONCAT(IFNULL(calls.first_name,''),' ',IFNULL(calls.last_name,'')))) as contact_name, '                                                                                                                                                                                                                                                              ' contact_name , '                                    '  contact_id , calls.assigned_user_id , calls.date_entered  FROM calls  LEFT JOIN  calls_users c_u on  c_u.call_id = calls.id  where ((calls.status IN ('Planned')
)) AND calls.deleted=0 AND (calls.assigned_user_id = '1' OR (c_u.user_id = '1' AND c_u.deleted = 0  ))  ORDER BY calls.date_entered DESC LIMIT 0,6: MySQL error 1054: Unknown column 'calls.first_name' in 'field list'
